[2022-02-13 05:00:07,877] INFO [Controller 0]: Controller starting up (kafka.controller.KafkaController)
[2022-02-13 05:00:07,933] INFO [Controller 0]: Broker 0 starting become controller state transition (kafka.controller.KafkaController)
[2022-02-13 05:00:07,946] INFO [Controller 0]: Initialized controller epoch to 1 and zk version 0 (kafka.controller.KafkaController)
[2022-02-13 05:00:07,955] INFO [Controller 0]: Controller 0 incremented epoch to 2 (kafka.controller.KafkaController)
[2022-02-13 05:00:07,959] DEBUG [Controller 0]: Registering IsrChangeNotificationListener (kafka.controller.KafkaController)
[2022-02-13 05:00:07,993] INFO [Controller 0]: Partitions undergoing preferred replica election:  (kafka.controller.KafkaController)
[2022-02-13 05:00:07,994] INFO [Controller 0]: Partitions that completed preferred replica election:  (kafka.controller.KafkaController)
[2022-02-13 05:00:07,994] INFO [Controller 0]: Resuming preferred replica election for partitions:  (kafka.controller.KafkaController)
[2022-02-13 05:00:08,000] INFO [Controller 0]: Partitions being reassigned: Map() (kafka.controller.KafkaController)
[2022-02-13 05:00:08,000] INFO [Controller 0]: Partitions already reassigned: List() (kafka.controller.KafkaController)
[2022-02-13 05:00:08,001] INFO [Controller 0]: Resuming reassignment of partitions: Map() (kafka.controller.KafkaController)
[2022-02-13 05:00:08,006] INFO [Controller 0]: List of topics to be deleted:  (kafka.controller.KafkaController)
[2022-02-13 05:00:08,007] INFO [Controller 0]: List of topics ineligible for deletion:  (kafka.controller.KafkaController)
[2022-02-13 05:00:08,011] INFO [Controller 0]: Currently active brokers in the cluster: Set() (kafka.controller.KafkaController)
[2022-02-13 05:00:08,012] INFO [Controller 0]: Currently shutting brokers in the cluster: Set() (kafka.controller.KafkaController)
[2022-02-13 05:00:08,013] INFO [Controller 0]: Current list of topics in the cluster: Set() (kafka.controller.KafkaController)
[2022-02-13 05:00:08,016] INFO [Replica state machine on controller 0]: Started replica state machine with initial state -> Map() (kafka.controller.ReplicaStateMachine)
[2022-02-13 05:00:08,024] INFO [Partition state machine on Controller 0]: Started partition state machine with initial state -> Map() (kafka.controller.PartitionStateMachine)
[2022-02-13 05:00:08,026] INFO [Controller 0]: Broker 0 is ready to serve as the new controller with epoch 2 (kafka.controller.KafkaController)
[2022-02-13 05:00:08,027] INFO [Controller 0]: Starting preferred replica leader election for partitions  (kafka.controller.KafkaController)
[2022-02-13 05:00:08,029] INFO [Partition state machine on Controller 0]: Invoking state change to OnlinePartition for partitions  (kafka.controller.PartitionStateMachine)
[2022-02-13 05:00:08,036] INFO [Controller 0]: starting the partition rebalance scheduler (kafka.controller.KafkaController)
[2022-02-13 05:00:08,037] INFO [Controller 0]: Controller startup complete (kafka.controller.KafkaController)
[2022-02-13 05:00:08,161] INFO [BrokerChangeListener on Controller 0]: Broker change listener fired for path /brokers/ids with children 0 (kafka.controller.ReplicaStateMachine$BrokerChangeListener)
[2022-02-13 05:00:08,189] INFO [BrokerChangeListener on Controller 0]: Newly added brokers: 0, deleted brokers: , all live brokers: 0 (kafka.controller.ReplicaStateMachine$BrokerChangeListener)
[2022-02-13 05:00:08,190] DEBUG [Channel manager on controller 0]: Controller 0 trying to connect to broker 0 (kafka.controller.ControllerChannelManager)
[2022-02-13 05:00:08,202] INFO [Controller-0-to-broker-0-send-thread], Starting  (kafka.controller.RequestSendThread)
[2022-02-13 05:00:08,203] INFO [Controller 0]: New broker startup callback for 0 (kafka.controller.KafkaController)
[2022-02-13 05:00:08,230] INFO [Controller-0-to-broker-0-send-thread], Controller 0 connected to localhost:9092 (id: 0 rack: null) for sending state change requests (kafka.controller.RequestSendThread)
[2022-02-13 05:00:13,043] TRACE [Controller 0]: checking need to trigger partition rebalance (kafka.controller.KafkaController)
[2022-02-13 05:00:13,046] DEBUG [Controller 0]: preferred replicas by broker Map() (kafka.controller.KafkaController)
[2022-02-13 05:00:46,376] INFO [Controller 0]: Shutting down broker 0 (kafka.controller.KafkaController)
[2022-02-13 05:00:46,378] DEBUG [Controller 0]: All shutting down brokers: 0 (kafka.controller.KafkaController)
[2022-02-13 05:00:46,378] DEBUG [Controller 0]: Live brokers:  (kafka.controller.KafkaController)
[2022-02-13 05:00:46,382] TRACE [Controller 0]: All leaders =  (kafka.controller.KafkaController)
[2022-02-13 05:00:48,850] DEBUG [Controller 0]: Controller resigning, broker id 0 (kafka.controller.KafkaController)
[2022-02-13 05:00:48,852] DEBUG [Controller 0]: De-registering IsrChangeNotificationListener (kafka.controller.KafkaController)
[2022-02-13 05:00:48,858] INFO [Partition state machine on Controller 0]: Stopped partition state machine (kafka.controller.PartitionStateMachine)
[2022-02-13 05:00:48,860] INFO [Replica state machine on controller 0]: Stopped replica state machine (kafka.controller.ReplicaStateMachine)
[2022-02-13 05:00:48,863] INFO [Controller-0-to-broker-0-send-thread], Shutting down (kafka.controller.RequestSendThread)
[2022-02-13 05:00:48,864] INFO [Controller-0-to-broker-0-send-thread], Stopped  (kafka.controller.RequestSendThread)
[2022-02-13 05:00:48,864] INFO [Controller-0-to-broker-0-send-thread], Shutdown completed (kafka.controller.RequestSendThread)
[2022-02-13 05:00:48,866] INFO [Controller 0]: Broker 0 resigned as the controller (kafka.controller.KafkaController)
